2025-03-28 11:48:55,445 - INFO - ===== AI Trainer MVP Logging Start (UTF-8 Enabled) =====
2025-03-28 11:48:55,457 - INFO - MediaPipe Pose 모델 초기화 성공
2025-03-28 11:48:55,967 - INFO - 비디오 소스 0 초기화 성공 (원본 해상도: 640x480)
2025-03-28 11:48:55,968 - DEBUG - SquatAnalyzer 초기화됨
2025-03-28 11:48:55,968 - INFO - 사용 임계값: {'depth_offset_y': 0.03, 'lean_angle': 50, 'heel_lift_diff': 0.03, 'visibility': 0.6, 'side_x_diff': 0.15, 'knee_straight': 160, 'knee_bent': 100, 'up_pose_check_angle': 170, 'depth_check_extra': 15, 'feedback_font_size': 18, 'info_box_width': 300}
2025-03-28 11:48:56,014 - DEBUG - --- Frame 1 Start ---
2025-03-28 11:48:56,737 - DEBUG - Frame resized to: 960x720
2025-03-28 11:48:56,756 - DEBUG - Pose processing executed.
2025-03-28 11:48:56,757 - DEBUG - Pose landmarks not detected.
2025-03-28 11:48:56,781 - DEBUG - Final Feedback List for Frame 1: ['자세를 감지할 수 없습니다.']
2025-03-28 11:48:56,781 - DEBUG - --- Frame 1 End ---
2025-03-28 11:48:56,782 - DEBUG - --- Frame 2 Start ---
2025-03-28 11:48:56,790 - DEBUG - Frame resized to: 960x720
2025-03-28 11:48:56,808 - DEBUG - Pose processing executed.
2025-03-28 11:48:56,809 - DEBUG - Pose landmarks not detected.
2025-03-28 11:48:56,828 - DEBUG - Final Feedback List for Frame 2: ['자세를 감지할 수 없습니다.']
2025-03-28 11:48:56,828 - DEBUG - --- Frame 2 End ---
2025-03-28 11:48:56,828 - DEBUG - --- Frame 3 Start ---
2025-03-28 11:48:56,837 - DEBUG - Frame resized to: 960x720
2025-03-28 11:48:56,856 - DEBUG - Pose processing executed.
2025-03-28 11:48:56,857 - DEBUG - Pose landmarks not detected.
2025-03-28 11:48:56,875 - DEBUG - Final Feedback List for Frame 3: ['자세를 감지할 수 없습니다.']
2025-03-28 11:48:56,875 - DEBUG - --- Frame 3 End ---
2025-03-28 11:48:56,875 - DEBUG - --- Frame 4 Start ---
2025-03-28 11:48:56,882 - DEBUG - Frame resized to: 960x720
2025-03-28 11:48:56,900 - DEBUG - Pose processing executed.
2025-03-28 11:48:56,901 - DEBUG - Pose landmarks not detected.
2025-03-28 11:48:56,922 - DEBUG - Final Feedback List for Frame 4: ['자세를 감지할 수 없습니다.']
2025-03-28 11:48:56,923 - DEBUG - --- Frame 4 End ---
2025-03-28 11:48:56,923 - DEBUG - --- Frame 5 Start ---
2025-03-28 11:48:56,929 - DEBUG - Frame resized to: 960x720
2025-03-28 11:48:56,947 - DEBUG - Pose processing executed.
2025-03-28 11:48:56,948 - DEBUG - Pose landmarks not detected.
2025-03-28 11:48:56,970 - DEBUG - Final Feedback List for Frame 5: ['자세를 감지할 수 없습니다.']
2025-03-28 11:48:56,970 - DEBUG - --- Frame 5 End ---
2025-03-28 11:48:56,970 - DEBUG - --- Frame 6 Start ---
2025-03-28 11:48:56,979 - DEBUG - Frame resized to: 960x720
2025-03-28 11:48:56,997 - DEBUG - Pose processing executed.
2025-03-28 11:48:56,998 - DEBUG - Pose landmarks not detected.
2025-03-28 11:48:57,030 - DEBUG - Final Feedback List for Frame 6: ['자세를 감지할 수 없습니다.']
2025-03-28 11:48:57,030 - DEBUG - --- Frame 6 End ---
2025-03-28 11:48:57,030 - DEBUG - --- Frame 7 Start ---
2025-03-28 11:48:57,039 - DEBUG - Frame resized to: 960x720
2025-03-28 11:48:57,056 - DEBUG - Pose processing executed.
2025-03-28 11:48:57,057 - DEBUG - Pose landmarks not detected.
2025-03-28 11:48:57,077 - DEBUG - Final Feedback List for Frame 7: ['자세를 감지할 수 없습니다.']
2025-03-28 11:48:57,077 - DEBUG - --- Frame 7 End ---
2025-03-28 11:48:57,078 - DEBUG - --- Frame 8 Start ---
2025-03-28 11:48:57,086 - DEBUG - Frame resized to: 960x720
2025-03-28 11:48:57,105 - DEBUG - Pose processing executed.
2025-03-28 11:48:57,106 - DEBUG - Pose landmarks not detected.
2025-03-28 11:48:57,124 - DEBUG - Final Feedback List for Frame 8: ['자세를 감지할 수 없습니다.']
2025-03-28 11:48:57,125 - DEBUG - --- Frame 8 End ---
2025-03-28 11:48:57,125 - DEBUG - --- Frame 9 Start ---
2025-03-28 11:48:57,133 - DEBUG - Frame resized to: 960x720
2025-03-28 11:48:57,151 - DEBUG - Pose processing executed.
2025-03-28 11:48:57,151 - DEBUG - Pose landmarks not detected.
2025-03-28 11:48:57,186 - DEBUG - Final Feedback List for Frame 9: ['자세를 감지할 수 없습니다.']
2025-03-28 11:48:57,186 - DEBUG - --- Frame 9 End ---
2025-03-28 11:48:57,186 - DEBUG - --- Frame 10 Start ---
2025-03-28 11:48:57,195 - DEBUG - Frame resized to: 960x720
2025-03-28 11:48:57,213 - DEBUG - Pose processing executed.
2025-03-28 11:48:57,214 - DEBUG - Pose landmarks not detected.
2025-03-28 11:48:57,235 - DEBUG - Final Feedback List for Frame 10: ['자세를 감지할 수 없습니다.']
2025-03-28 11:48:57,235 - DEBUG - --- Frame 10 End ---
2025-03-28 11:48:57,236 - DEBUG - --- Frame 11 Start ---
2025-03-28 11:48:57,245 - DEBUG - Frame resized to: 960x720
2025-03-28 11:48:57,264 - DEBUG - Pose processing executed.
2025-03-28 11:48:57,265 - DEBUG - Pose landmarks not detected.
2025-03-28 11:48:57,296 - DEBUG - Final Feedback List for Frame 11: ['자세를 감지할 수 없습니다.']
2025-03-28 11:48:57,297 - DEBUG - --- Frame 11 End ---
2025-03-28 11:48:57,297 - DEBUG - --- Frame 12 Start ---
2025-03-28 11:48:57,305 - DEBUG - Frame resized to: 960x720
2025-03-28 11:48:57,323 - DEBUG - Pose processing executed.
2025-03-28 11:48:57,324 - DEBUG - Pose landmarks not detected.
2025-03-28 11:48:57,357 - DEBUG - Final Feedback List for Frame 12: ['자세를 감지할 수 없습니다.']
2025-03-28 11:48:57,357 - DEBUG - --- Frame 12 End ---
2025-03-28 11:48:57,358 - DEBUG - --- Frame 13 Start ---
2025-03-28 11:48:57,365 - DEBUG - Frame resized to: 960x720
2025-03-28 11:48:57,383 - DEBUG - Pose processing executed.
2025-03-28 11:48:57,383 - DEBUG - Pose landmarks not detected.
2025-03-28 11:48:57,402 - DEBUG - Final Feedback List for Frame 13: ['자세를 감지할 수 없습니다.']
2025-03-28 11:48:57,402 - DEBUG - --- Frame 13 End ---
2025-03-28 11:48:57,402 - DEBUG - --- Frame 14 Start ---
2025-03-28 11:48:57,412 - DEBUG - Frame resized to: 960x720
2025-03-28 11:48:57,430 - DEBUG - Pose processing executed.
2025-03-28 11:48:57,431 - DEBUG - Pose landmarks not detected.
2025-03-28 11:48:57,448 - DEBUG - Final Feedback List for Frame 14: ['자세를 감지할 수 없습니다.']
2025-03-28 11:48:57,449 - DEBUG - --- Frame 14 End ---
2025-03-28 11:48:57,449 - DEBUG - --- Frame 15 Start ---
2025-03-28 11:48:57,456 - DEBUG - Frame resized to: 960x720
2025-03-28 11:48:57,474 - DEBUG - Pose processing executed.
2025-03-28 11:48:57,475 - DEBUG - Pose landmarks not detected.
2025-03-28 11:48:57,495 - DEBUG - Final Feedback List for Frame 15: ['자세를 감지할 수 없습니다.']
2025-03-28 11:48:57,496 - DEBUG - --- Frame 15 End ---
2025-03-28 11:48:57,496 - DEBUG - --- Frame 16 Start ---
2025-03-28 11:48:57,503 - DEBUG - Frame resized to: 960x720
2025-03-28 11:48:57,521 - DEBUG - Pose processing executed.
2025-03-28 11:48:57,522 - DEBUG - Pose landmarks not detected.
2025-03-28 11:48:57,541 - DEBUG - Final Feedback List for Frame 16: ['자세를 감지할 수 없습니다.']
2025-03-28 11:48:57,541 - DEBUG - --- Frame 16 End ---
2025-03-28 11:48:57,542 - DEBUG - --- Frame 17 Start ---
2025-03-28 11:48:57,548 - DEBUG - Frame resized to: 960x720
2025-03-28 11:48:57,567 - DEBUG - Pose processing executed.
2025-03-28 11:48:57,567 - DEBUG - Pose landmarks not detected.
2025-03-28 11:48:57,602 - DEBUG - Final Feedback List for Frame 17: ['자세를 감지할 수 없습니다.']
2025-03-28 11:48:57,602 - DEBUG - --- Frame 17 End ---
2025-03-28 11:48:57,603 - DEBUG - --- Frame 18 Start ---
2025-03-28 11:48:57,612 - DEBUG - Frame resized to: 960x720
2025-03-28 11:48:57,629 - DEBUG - Pose processing executed.
2025-03-28 11:48:57,630 - DEBUG - Pose landmarks not detected.
2025-03-28 11:48:57,763 - DEBUG - Final Feedback List for Frame 18: ['자세를 감지할 수 없습니다.']
2025-03-28 11:48:57,763 - DEBUG - --- Frame 18 End ---
2025-03-28 11:48:57,763 - DEBUG - --- Frame 19 Start ---
2025-03-28 11:48:57,772 - DEBUG - Frame resized to: 960x720
2025-03-28 11:48:57,789 - DEBUG - Pose processing executed.
2025-03-28 11:48:57,790 - DEBUG - Pose landmarks not detected.
2025-03-28 11:48:57,816 - DEBUG - Final Feedback List for Frame 19: ['자세를 감지할 수 없습니다.']
2025-03-28 11:48:57,816 - DEBUG - --- Frame 19 End ---
2025-03-28 11:48:57,816 - DEBUG - --- Frame 20 Start ---
2025-03-28 11:48:57,825 - DEBUG - Frame resized to: 960x720
2025-03-28 11:48:57,842 - DEBUG - Pose processing executed.
2025-03-28 11:48:57,843 - DEBUG - Pose landmarks not detected.
2025-03-28 11:48:57,862 - DEBUG - Final Feedback List for Frame 20: ['자세를 감지할 수 없습니다.']
2025-03-28 11:48:57,862 - DEBUG - --- Frame 20 End ---
2025-03-28 11:48:57,862 - DEBUG - --- Frame 21 Start ---
2025-03-28 11:48:57,872 - DEBUG - Frame resized to: 960x720
2025-03-28 11:48:57,890 - DEBUG - Pose processing executed.
2025-03-28 11:48:57,890 - DEBUG - Pose landmarks not detected.
2025-03-28 11:48:57,924 - DEBUG - Final Feedback List for Frame 21: ['자세를 감지할 수 없습니다.']
2025-03-28 11:48:57,924 - DEBUG - --- Frame 21 End ---
2025-03-28 11:48:57,924 - DEBUG - --- Frame 22 Start ---
2025-03-28 11:48:57,932 - DEBUG - Frame resized to: 960x720
2025-03-28 11:48:57,950 - DEBUG - Pose processing executed.
2025-03-28 11:48:57,951 - DEBUG - Pose landmarks not detected.
2025-03-28 11:48:57,970 - DEBUG - Final Feedback List for Frame 22: ['자세를 감지할 수 없습니다.']
2025-03-28 11:48:57,970 - DEBUG - --- Frame 22 End ---
2025-03-28 11:48:57,971 - DEBUG - --- Frame 23 Start ---
2025-03-28 11:48:57,979 - DEBUG - Frame resized to: 960x720
2025-03-28 11:48:57,997 - DEBUG - Pose processing executed.
2025-03-28 11:48:57,998 - DEBUG - Pose landmarks not detected.
2025-03-28 11:48:58,030 - DEBUG - Final Feedback List for Frame 23: ['자세를 감지할 수 없습니다.']
2025-03-28 11:48:58,030 - DEBUG - --- Frame 23 End ---
2025-03-28 11:48:58,031 - DEBUG - --- Frame 24 Start ---
2025-03-28 11:48:58,040 - DEBUG - Frame resized to: 960x720
2025-03-28 11:48:58,057 - DEBUG - Pose processing executed.
2025-03-28 11:48:58,058 - DEBUG - Pose landmarks not detected.
2025-03-28 11:48:58,092 - DEBUG - Final Feedback List for Frame 24: ['자세를 감지할 수 없습니다.']
2025-03-28 11:48:58,092 - DEBUG - --- Frame 24 End ---
2025-03-28 11:48:58,092 - DEBUG - --- Frame 25 Start ---
2025-03-28 11:48:58,101 - DEBUG - Frame resized to: 960x720
2025-03-28 11:48:58,118 - DEBUG - Pose processing executed.
2025-03-28 11:48:58,119 - DEBUG - Pose landmarks not detected.
2025-03-28 11:48:58,140 - DEBUG - Final Feedback List for Frame 25: ['자세를 감지할 수 없습니다.']
2025-03-28 11:48:58,140 - DEBUG - --- Frame 25 End ---
2025-03-28 11:48:58,141 - DEBUG - --- Frame 26 Start ---
2025-03-28 11:48:58,149 - DEBUG - Frame resized to: 960x720
2025-03-28 11:48:58,167 - DEBUG - Pose processing executed.
2025-03-28 11:48:58,168 - DEBUG - Pose landmarks not detected.
2025-03-28 11:48:58,202 - DEBUG - Final Feedback List for Frame 26: ['자세를 감지할 수 없습니다.']
2025-03-28 11:48:58,202 - DEBUG - --- Frame 26 End ---
2025-03-28 11:48:58,202 - DEBUG - --- Frame 27 Start ---
2025-03-28 11:48:58,210 - DEBUG - Frame resized to: 960x720
2025-03-28 11:48:58,228 - DEBUG - Pose processing executed.
2025-03-28 11:48:58,229 - DEBUG - Pose landmarks not detected.
2025-03-28 11:48:58,247 - DEBUG - Final Feedback List for Frame 27: ['자세를 감지할 수 없습니다.']
2025-03-28 11:48:58,247 - DEBUG - --- Frame 27 End ---
2025-03-28 11:48:58,247 - DEBUG - --- Frame 28 Start ---
2025-03-28 11:48:58,255 - DEBUG - Frame resized to: 960x720
2025-03-28 11:48:58,273 - DEBUG - Pose processing executed.
2025-03-28 11:48:58,273 - DEBUG - Pose landmarks not detected.
2025-03-28 11:48:58,310 - DEBUG - Final Feedback List for Frame 28: ['자세를 감지할 수 없습니다.']
2025-03-28 11:48:58,311 - DEBUG - --- Frame 28 End ---
2025-03-28 11:48:58,311 - DEBUG - --- Frame 29 Start ---
2025-03-28 11:48:58,318 - DEBUG - Frame resized to: 960x720
2025-03-28 11:48:58,335 - DEBUG - Pose processing executed.
2025-03-28 11:48:58,336 - DEBUG - Pose landmarks not detected.
2025-03-28 11:48:58,357 - DEBUG - Final Feedback List for Frame 29: ['자세를 감지할 수 없습니다.']
2025-03-28 11:48:58,358 - DEBUG - --- Frame 29 End ---
2025-03-28 11:48:58,358 - DEBUG - --- Frame 30 Start ---
2025-03-28 11:48:58,366 - DEBUG - Frame resized to: 960x720
2025-03-28 11:48:58,383 - DEBUG - Pose processing executed.
2025-03-28 11:48:58,384 - DEBUG - Pose landmarks not detected.
2025-03-28 11:48:58,404 - DEBUG - Final Feedback List for Frame 30: ['자세를 감지할 수 없습니다.']
2025-03-28 11:48:58,405 - DEBUG - --- Frame 30 End ---
2025-03-28 11:48:58,405 - DEBUG - --- Frame 31 Start ---
2025-03-28 11:48:58,415 - DEBUG - Frame resized to: 960x720
2025-03-28 11:48:58,433 - DEBUG - Pose processing executed.
2025-03-28 11:48:58,434 - DEBUG - Pose landmarks not detected.
2025-03-28 11:48:58,468 - DEBUG - Final Feedback List for Frame 31: ['자세를 감지할 수 없습니다.']
2025-03-28 11:48:58,468 - DEBUG - --- Frame 31 End ---
2025-03-28 11:48:58,468 - DEBUG - --- Frame 32 Start ---
2025-03-28 11:48:58,478 - DEBUG - Frame resized to: 960x720
2025-03-28 11:48:58,495 - DEBUG - Pose processing executed.
2025-03-28 11:48:58,496 - DEBUG - Pose landmarks not detected.
2025-03-28 11:48:58,514 - DEBUG - Final Feedback List for Frame 32: ['자세를 감지할 수 없습니다.']
2025-03-28 11:48:58,514 - DEBUG - --- Frame 32 End ---
2025-03-28 11:48:58,515 - DEBUG - --- Frame 33 Start ---
2025-03-28 11:48:58,523 - DEBUG - Frame resized to: 960x720
2025-03-28 11:48:58,541 - DEBUG - Pose processing executed.
2025-03-28 11:48:58,542 - DEBUG - Pose landmarks not detected.
2025-03-28 11:48:58,576 - DEBUG - Final Feedback List for Frame 33: ['자세를 감지할 수 없습니다.']
2025-03-28 11:48:58,576 - DEBUG - --- Frame 33 End ---
2025-03-28 11:48:58,577 - DEBUG - --- Frame 34 Start ---
2025-03-28 11:48:58,584 - DEBUG - Frame resized to: 960x720
2025-03-28 11:48:58,602 - DEBUG - Pose processing executed.
2025-03-28 11:48:58,602 - DEBUG - Pose landmarks not detected.
2025-03-28 11:48:58,636 - DEBUG - Final Feedback List for Frame 34: ['자세를 감지할 수 없습니다.']
2025-03-28 11:48:58,636 - DEBUG - --- Frame 34 End ---
2025-03-28 11:48:58,636 - DEBUG - --- Frame 35 Start ---
2025-03-28 11:48:58,644 - DEBUG - Frame resized to: 960x720
2025-03-28 11:48:58,662 - DEBUG - Pose processing executed.
2025-03-28 11:48:58,663 - DEBUG - Pose landmarks not detected.
2025-03-28 11:48:58,681 - DEBUG - Final Feedback List for Frame 35: ['자세를 감지할 수 없습니다.']
2025-03-28 11:48:58,682 - DEBUG - --- Frame 35 End ---
2025-03-28 11:48:58,682 - DEBUG - --- Frame 36 Start ---
2025-03-28 11:48:58,691 - DEBUG - Frame resized to: 960x720
2025-03-28 11:48:58,709 - DEBUG - Pose processing executed.
2025-03-28 11:48:58,710 - DEBUG - Pose landmarks not detected.
2025-03-28 11:48:58,729 - DEBUG - Final Feedback List for Frame 36: ['자세를 감지할 수 없습니다.']
2025-03-28 11:48:58,729 - DEBUG - --- Frame 36 End ---
2025-03-28 11:48:58,729 - DEBUG - --- Frame 37 Start ---
2025-03-28 11:48:58,739 - DEBUG - Frame resized to: 960x720
2025-03-28 11:48:58,757 - DEBUG - Pose processing executed.
2025-03-28 11:48:58,758 - DEBUG - Pose landmarks not detected.
2025-03-28 11:48:58,790 - DEBUG - Final Feedback List for Frame 37: ['자세를 감지할 수 없습니다.']
2025-03-28 11:48:58,790 - DEBUG - --- Frame 37 End ---
2025-03-28 11:48:58,790 - DEBUG - --- Frame 38 Start ---
2025-03-28 11:48:58,798 - DEBUG - Frame resized to: 960x720
2025-03-28 11:48:58,815 - DEBUG - Pose processing executed.
2025-03-28 11:48:58,816 - DEBUG - Pose landmarks not detected.
2025-03-28 11:48:58,835 - DEBUG - Final Feedback List for Frame 38: ['자세를 감지할 수 없습니다.']
2025-03-28 11:48:58,835 - DEBUG - --- Frame 38 End ---
2025-03-28 11:48:58,836 - DEBUG - --- Frame 39 Start ---
2025-03-28 11:48:58,844 - DEBUG - Frame resized to: 960x720
2025-03-28 11:48:58,862 - DEBUG - Pose processing executed.
2025-03-28 11:48:58,863 - DEBUG - Pose landmarks not detected.
2025-03-28 11:48:58,881 - DEBUG - Final Feedback List for Frame 39: ['자세를 감지할 수 없습니다.']
2025-03-28 11:48:58,882 - DEBUG - --- Frame 39 End ---
2025-03-28 11:48:58,882 - DEBUG - --- Frame 40 Start ---
2025-03-28 11:48:58,890 - DEBUG - Frame resized to: 960x720
2025-03-28 11:48:58,907 - DEBUG - Pose processing executed.
2025-03-28 11:48:58,909 - DEBUG - Pose landmarks not detected.
2025-03-28 11:48:58,927 - DEBUG - Final Feedback List for Frame 40: ['자세를 감지할 수 없습니다.']
2025-03-28 11:48:58,928 - DEBUG - --- Frame 40 End ---
2025-03-28 11:48:58,928 - DEBUG - --- Frame 41 Start ---
2025-03-28 11:48:58,935 - DEBUG - Frame resized to: 960x720
2025-03-28 11:48:58,954 - DEBUG - Pose processing executed.
2025-03-28 11:48:58,955 - DEBUG - Pose landmarks not detected.
2025-03-28 11:48:58,988 - DEBUG - Final Feedback List for Frame 41: ['자세를 감지할 수 없습니다.']
2025-03-28 11:48:58,989 - DEBUG - --- Frame 41 End ---
2025-03-28 11:48:58,989 - DEBUG - --- Frame 42 Start ---
2025-03-28 11:48:58,997 - DEBUG - Frame resized to: 960x720
2025-03-28 11:48:59,014 - DEBUG - Pose processing executed.
2025-03-28 11:48:59,015 - DEBUG - Pose landmarks not detected.
2025-03-28 11:48:59,035 - DEBUG - Final Feedback List for Frame 42: ['자세를 감지할 수 없습니다.']
2025-03-28 11:48:59,036 - DEBUG - --- Frame 42 End ---
2025-03-28 11:48:59,036 - DEBUG - --- Frame 43 Start ---
2025-03-28 11:48:59,044 - DEBUG - Frame resized to: 960x720
2025-03-28 11:48:59,061 - DEBUG - Pose processing executed.
2025-03-28 11:48:59,062 - DEBUG - Pose landmarks not detected.
2025-03-28 11:48:59,083 - DEBUG - Final Feedback List for Frame 43: ['자세를 감지할 수 없습니다.']
2025-03-28 11:48:59,083 - DEBUG - --- Frame 43 End ---
2025-03-28 11:48:59,084 - DEBUG - --- Frame 44 Start ---
2025-03-28 11:48:59,093 - DEBUG - Frame resized to: 960x720
2025-03-28 11:48:59,111 - DEBUG - Pose processing executed.
2025-03-28 11:48:59,112 - DEBUG - Pose landmarks not detected.
2025-03-28 11:48:59,145 - DEBUG - Final Feedback List for Frame 44: ['자세를 감지할 수 없습니다.']
2025-03-28 11:48:59,146 - DEBUG - --- Frame 44 End ---
2025-03-28 11:48:59,146 - DEBUG - --- Frame 45 Start ---
2025-03-28 11:48:59,153 - DEBUG - Frame resized to: 960x720
2025-03-28 11:48:59,173 - DEBUG - Pose processing executed.
2025-03-28 11:48:59,174 - DEBUG - Pose landmarks not detected.
2025-03-28 11:48:59,208 - DEBUG - Final Feedback List for Frame 45: ['자세를 감지할 수 없습니다.']
2025-03-28 11:48:59,208 - DEBUG - --- Frame 45 End ---
2025-03-28 11:48:59,208 - DEBUG - --- Frame 46 Start ---
2025-03-28 11:48:59,217 - DEBUG - Frame resized to: 960x720
2025-03-28 11:48:59,235 - DEBUG - Pose processing executed.
2025-03-28 11:48:59,236 - DEBUG - Pose landmarks not detected.
2025-03-28 11:48:59,268 - DEBUG - Final Feedback List for Frame 46: ['자세를 감지할 수 없습니다.']
2025-03-28 11:48:59,268 - DEBUG - --- Frame 46 End ---
2025-03-28 11:48:59,268 - DEBUG - --- Frame 47 Start ---
2025-03-28 11:48:59,277 - DEBUG - Frame resized to: 960x720
2025-03-28 11:48:59,295 - DEBUG - Pose processing executed.
2025-03-28 11:48:59,296 - DEBUG - Pose landmarks not detected.
2025-03-28 11:48:59,316 - DEBUG - Final Feedback List for Frame 47: ['자세를 감지할 수 없습니다.']
2025-03-28 11:48:59,316 - DEBUG - --- Frame 47 End ---
2025-03-28 11:48:59,316 - DEBUG - --- Frame 48 Start ---
2025-03-28 11:48:59,327 - DEBUG - Frame resized to: 960x720
2025-03-28 11:48:59,351 - DEBUG - Pose processing executed.
2025-03-28 11:48:59,353 - DEBUG - Pose landmarks not detected.
2025-03-28 11:48:59,393 - DEBUG - Final Feedback List for Frame 48: ['자세를 감지할 수 없습니다.']
2025-03-28 11:48:59,393 - DEBUG - --- Frame 48 End ---
2025-03-28 11:48:59,393 - DEBUG - --- Frame 49 Start ---
2025-03-28 11:48:59,399 - DEBUG - Frame resized to: 960x720
2025-03-28 11:48:59,417 - DEBUG - Pose processing executed.
2025-03-28 11:48:59,418 - DEBUG - Pose landmarks not detected.
2025-03-28 11:48:59,439 - DEBUG - Final Feedback List for Frame 49: ['자세를 감지할 수 없습니다.']
2025-03-28 11:48:59,440 - DEBUG - --- Frame 49 End ---
2025-03-28 11:48:59,440 - DEBUG - --- Frame 50 Start ---
2025-03-28 11:48:59,449 - DEBUG - Frame resized to: 960x720
2025-03-28 11:48:59,466 - DEBUG - Pose processing executed.
2025-03-28 11:48:59,467 - DEBUG - Pose landmarks not detected.
2025-03-28 11:48:59,487 - DEBUG - Final Feedback List for Frame 50: ['자세를 감지할 수 없습니다.']
2025-03-28 11:48:59,488 - DEBUG - --- Frame 50 End ---
2025-03-28 11:48:59,488 - DEBUG - --- Frame 51 Start ---
2025-03-28 11:48:59,495 - DEBUG - Frame resized to: 960x720
2025-03-28 11:48:59,513 - DEBUG - Pose processing executed.
2025-03-28 11:48:59,514 - DEBUG - Pose landmarks not detected.
2025-03-28 11:48:59,534 - DEBUG - Final Feedback List for Frame 51: ['자세를 감지할 수 없습니다.']
2025-03-28 11:48:59,534 - DEBUG - --- Frame 51 End ---
2025-03-28 11:48:59,535 - DEBUG - --- Frame 52 Start ---
2025-03-28 11:48:59,545 - DEBUG - Frame resized to: 960x720
2025-03-28 11:48:59,563 - DEBUG - Pose processing executed.
2025-03-28 11:48:59,563 - DEBUG - Pose landmarks not detected.
2025-03-28 11:48:59,595 - DEBUG - Final Feedback List for Frame 52: ['자세를 감지할 수 없습니다.']
2025-03-28 11:48:59,595 - DEBUG - --- Frame 52 End ---
2025-03-28 11:48:59,595 - DEBUG - --- Frame 53 Start ---
2025-03-28 11:48:59,604 - DEBUG - Frame resized to: 960x720
2025-03-28 11:48:59,622 - DEBUG - Pose processing executed.
2025-03-28 11:48:59,622 - DEBUG - Pose landmarks not detected.
2025-03-28 11:48:59,775 - DEBUG - Final Feedback List for Frame 53: ['자세를 감지할 수 없습니다.']
2025-03-28 11:48:59,776 - DEBUG - --- Frame 53 End ---
2025-03-28 11:48:59,776 - DEBUG - --- Frame 54 Start ---
2025-03-28 11:48:59,788 - DEBUG - Frame resized to: 960x720
2025-03-28 11:48:59,807 - DEBUG - Pose processing executed.
2025-03-28 11:48:59,808 - DEBUG - Pose landmarks not detected.
2025-03-28 11:48:59,828 - DEBUG - Final Feedback List for Frame 54: ['자세를 감지할 수 없습니다.']
2025-03-28 11:48:59,828 - DEBUG - --- Frame 54 End ---
2025-03-28 11:48:59,828 - DEBUG - --- Frame 55 Start ---
2025-03-28 11:48:59,838 - DEBUG - Frame resized to: 960x720
2025-03-28 11:48:59,856 - DEBUG - Pose processing executed.
2025-03-28 11:48:59,857 - DEBUG - Pose landmarks not detected.
2025-03-28 11:48:59,889 - DEBUG - Final Feedback List for Frame 55: ['자세를 감지할 수 없습니다.']
2025-03-28 11:48:59,890 - DEBUG - --- Frame 55 End ---
2025-03-28 11:48:59,890 - DEBUG - --- Frame 56 Start ---
2025-03-28 11:48:59,904 - DEBUG - Frame resized to: 960x720
2025-03-28 11:48:59,924 - DEBUG - Pose processing executed.
2025-03-28 11:48:59,925 - DEBUG - Pose landmarks not detected.
2025-03-28 11:48:59,950 - DEBUG - Final Feedback List for Frame 56: ['자세를 감지할 수 없습니다.']
2025-03-28 11:48:59,950 - DEBUG - --- Frame 56 End ---
2025-03-28 11:48:59,950 - DEBUG - --- Frame 57 Start ---
2025-03-28 11:48:59,960 - DEBUG - Frame resized to: 960x720
2025-03-28 11:48:59,980 - DEBUG - Pose processing executed.
2025-03-28 11:48:59,981 - DEBUG - Pose landmarks not detected.
2025-03-28 11:49:00,012 - DEBUG - Final Feedback List for Frame 57: ['자세를 감지할 수 없습니다.']
2025-03-28 11:49:00,012 - DEBUG - --- Frame 57 End ---
2025-03-28 11:49:00,012 - DEBUG - --- Frame 58 Start ---
2025-03-28 11:49:00,021 - DEBUG - Frame resized to: 960x720
2025-03-28 11:49:00,040 - DEBUG - Pose processing executed.
2025-03-28 11:49:00,041 - DEBUG - Pose landmarks not detected.
2025-03-28 11:49:00,076 - DEBUG - Final Feedback List for Frame 58: ['자세를 감지할 수 없습니다.']
2025-03-28 11:49:00,076 - DEBUG - --- Frame 58 End ---
2025-03-28 11:49:00,076 - DEBUG - --- Frame 59 Start ---
2025-03-28 11:49:00,086 - DEBUG - Frame resized to: 960x720
2025-03-28 11:49:00,103 - DEBUG - Pose processing executed.
2025-03-28 11:49:00,104 - DEBUG - Pose landmarks not detected.
2025-03-28 11:49:00,137 - DEBUG - Final Feedback List for Frame 59: ['자세를 감지할 수 없습니다.']
2025-03-28 11:49:00,137 - DEBUG - --- Frame 59 End ---
2025-03-28 11:49:00,137 - DEBUG - --- Frame 60 Start ---
2025-03-28 11:49:00,148 - DEBUG - Frame resized to: 960x720
2025-03-28 11:49:00,166 - DEBUG - Pose processing executed.
2025-03-28 11:49:00,168 - DEBUG - Pose landmarks not detected.
2025-03-28 11:49:00,199 - DEBUG - Final Feedback List for Frame 60: ['자세를 감지할 수 없습니다.']
2025-03-28 11:49:00,199 - DEBUG - --- Frame 60 End ---
2025-03-28 11:49:00,200 - DEBUG - --- Frame 61 Start ---
2025-03-28 11:49:00,207 - DEBUG - Frame resized to: 960x720
2025-03-28 11:49:00,225 - DEBUG - Pose processing executed.
2025-03-28 11:49:00,226 - DEBUG - Pose landmarks not detected.
2025-03-28 11:49:00,245 - DEBUG - Final Feedback List for Frame 61: ['자세를 감지할 수 없습니다.']
2025-03-28 11:49:00,246 - DEBUG - --- Frame 61 End ---
2025-03-28 11:49:00,246 - DEBUG - --- Frame 62 Start ---
2025-03-28 11:49:00,254 - DEBUG - Frame resized to: 960x720
2025-03-28 11:49:00,271 - DEBUG - Pose processing executed.
2025-03-28 11:49:00,272 - DEBUG - Pose landmarks not detected.
2025-03-28 11:49:00,291 - DEBUG - Final Feedback List for Frame 62: ['자세를 감지할 수 없습니다.']
2025-03-28 11:49:00,291 - DEBUG - --- Frame 62 End ---
2025-03-28 11:49:00,291 - DEBUG - --- Frame 63 Start ---
2025-03-28 11:49:00,301 - DEBUG - Frame resized to: 960x720
2025-03-28 11:49:00,318 - DEBUG - Pose processing executed.
2025-03-28 11:49:00,319 - DEBUG - Pose landmarks not detected.
2025-03-28 11:49:00,354 - DEBUG - Final Feedback List for Frame 63: ['자세를 감지할 수 없습니다.']
2025-03-28 11:49:00,354 - DEBUG - --- Frame 63 End ---
2025-03-28 11:49:00,354 - DEBUG - --- Frame 64 Start ---
2025-03-28 11:49:00,366 - DEBUG - Frame resized to: 960x720
2025-03-28 11:49:00,386 - DEBUG - Pose processing executed.
2025-03-28 11:49:00,387 - DEBUG - Pose landmarks not detected.
2025-03-28 11:49:00,417 - DEBUG - Final Feedback List for Frame 64: ['자세를 감지할 수 없습니다.']
2025-03-28 11:49:00,417 - DEBUG - --- Frame 64 End ---
2025-03-28 11:49:00,417 - DEBUG - --- Frame 65 Start ---
2025-03-28 11:49:00,427 - DEBUG - Frame resized to: 960x720
2025-03-28 11:49:00,444 - DEBUG - Pose processing executed.
2025-03-28 11:49:00,445 - DEBUG - Pose landmarks not detected.
2025-03-28 11:49:00,464 - DEBUG - Final Feedback List for Frame 65: ['자세를 감지할 수 없습니다.']
2025-03-28 11:49:00,464 - DEBUG - --- Frame 65 End ---
2025-03-28 11:49:00,464 - DEBUG - --- Frame 66 Start ---
2025-03-28 11:49:00,472 - DEBUG - Frame resized to: 960x720
2025-03-28 11:49:00,490 - DEBUG - Pose processing executed.
2025-03-28 11:49:00,491 - DEBUG - Pose landmarks not detected.
2025-03-28 11:49:00,512 - DEBUG - Final Feedback List for Frame 66: ['자세를 감지할 수 없습니다.']
2025-03-28 11:49:00,512 - DEBUG - --- Frame 66 End ---
2025-03-28 11:49:00,512 - DEBUG - --- Frame 67 Start ---
2025-03-28 11:49:00,520 - DEBUG - Frame resized to: 960x720
2025-03-28 11:49:00,541 - DEBUG - Pose processing executed.
2025-03-28 11:49:00,542 - DEBUG - Pose landmarks not detected.
2025-03-28 11:49:00,575 - INFO - 종료 키('q') 입력됨. 루프 종료.
2025-03-28 11:49:00,575 - INFO - ===== AI Trainer MVP Logging End =====
2025-03-28 11:49:00,858 - INFO - 비디오 캡처 리소스 해제됨.
2025-03-28 11:49:00,878 - INFO - OpenCV 창 닫힘.
2025-03-28 11:49:00,895 - INFO - MediaPipe Pose 리소스 해제됨.
